CRITICAL - 2024-01-02 17:47:56 --> The route for "/gerenciador/dashboard" cannot be found.
in SYSTEMPATH/HTTP/RedirectResponse.php on line 62.
 1 SYSTEMPATH/HTTP/RedirectResponse.php(62): CodeIgniter\HTTP\Exceptions\HTTPException::forInvalidRedirectRoute('/gerenciador/dashboard')
 2 SYSTEMPATH/Common.php(878): CodeIgniter\HTTP\RedirectResponse->route(false)
 3 APPPATH/Controllers/ManagerLogin.php(17): redirect('/gerenciador/dashboard')
 4 SYSTEMPATH/CodeIgniter.php(942): App\Controllers\ManagerLogin->login()
 5 SYSTEMPATH/CodeIgniter.php(502): CodeIgniter\CodeIgniter->runController(Object(App\Controllers\ManagerLogin))
 6 SYSTEMPATH/CodeIgniter.php(361): CodeIgniter\CodeIgniter->handleRequest(null, Object(Config\Cache), false)
 7 FCPATH/index.php(79): CodeIgniter\CodeIgniter->run()
 8 SYSTEMPATH/Commands/Server/rewrite.php(47): require_once('/Users/rlferrazza/Documents/skeleton/public/index.php')
CRITICAL - 2024-01-02 18:01:46 --> Invalid file: "gerenciador/profile/index.php"
in SYSTEMPATH/Exceptions/FrameworkException.php on line 39.
 1 SYSTEMPATH/View/View.php(216): CodeIgniter\Exceptions\FrameworkException::forInvalidFile('gerenciador/profile/index.php')
 2 SYSTEMPATH/Common.php(1190): CodeIgniter\View\View->render('gerenciador/profile/index', [], true)
 3 APPPATH/Controllers/Profile.php(11): view('gerenciador/profile/index')
 4 SYSTEMPATH/CodeIgniter.php(942): App\Controllers\Profile->index()
 5 SYSTEMPATH/CodeIgniter.php(502): CodeIgniter\CodeIgniter->runController(Object(App\Controllers\Profile))
 6 SYSTEMPATH/CodeIgniter.php(361): CodeIgniter\CodeIgniter->handleRequest(null, Object(Config\Cache), false)
 7 FCPATH/index.php(79): CodeIgniter\CodeIgniter->run()
 8 SYSTEMPATH/Commands/Server/rewrite.php(47): require_once('/Users/rlferrazza/Documents/skeleton/public/index.php')
CRITICAL - 2024-01-02 18:02:01 --> Invalid file: "gerenciador/profile/index.php"
in SYSTEMPATH/Exceptions/FrameworkException.php on line 39.
 1 SYSTEMPATH/View/View.php(216): CodeIgniter\Exceptions\FrameworkException::forInvalidFile('gerenciador/profile/index.php')
 2 SYSTEMPATH/Common.php(1190): CodeIgniter\View\View->render('gerenciador/profile/index', [], true)
 3 APPPATH/Controllers/Profile.php(11): view('gerenciador/profile/index')
 4 SYSTEMPATH/CodeIgniter.php(942): App\Controllers\Profile->index()
 5 SYSTEMPATH/CodeIgniter.php(502): CodeIgniter\CodeIgniter->runController(Object(App\Controllers\Profile))
 6 SYSTEMPATH/CodeIgniter.php(361): CodeIgniter\CodeIgniter->handleRequest(null, Object(Config\Cache), false)
 7 FCPATH/index.php(79): CodeIgniter\CodeIgniter->run()
 8 SYSTEMPATH/Commands/Server/rewrite.php(47): require_once('/Users/rlferrazza/Documents/skeleton/public/index.php')
CRITICAL - 2024-01-02 18:02:01 --> Invalid file: "gerenciador/profile/index.php"
in SYSTEMPATH/Exceptions/FrameworkException.php on line 39.
 1 SYSTEMPATH/View/View.php(216): CodeIgniter\Exceptions\FrameworkException::forInvalidFile('gerenciador/profile/index.php')
 2 SYSTEMPATH/Common.php(1190): CodeIgniter\View\View->render('gerenciador/profile/index', [], true)
 3 APPPATH/Controllers/Profile.php(11): view('gerenciador/profile/index')
 4 SYSTEMPATH/CodeIgniter.php(942): App\Controllers\Profile->index()
 5 SYSTEMPATH/CodeIgniter.php(502): CodeIgniter\CodeIgniter->runController(Object(App\Controllers\Profile))
 6 SYSTEMPATH/CodeIgniter.php(361): CodeIgniter\CodeIgniter->handleRequest(null, Object(Config\Cache), false)
 7 FCPATH/index.php(79): CodeIgniter\CodeIgniter->run()
 8 SYSTEMPATH/Commands/Server/rewrite.php(47): require_once('/Users/rlferrazza/Documents/skeleton/public/index.php')
CRITICAL - 2024-01-02 18:02:01 --> Invalid file: "gerenciador/profile/index.php"
in SYSTEMPATH/Exceptions/FrameworkException.php on line 39.
 1 SYSTEMPATH/View/View.php(216): CodeIgniter\Exceptions\FrameworkException::forInvalidFile('gerenciador/profile/index.php')
 2 SYSTEMPATH/Common.php(1190): CodeIgniter\View\View->render('gerenciador/profile/index', [], true)
 3 APPPATH/Controllers/Profile.php(11): view('gerenciador/profile/index')
 4 SYSTEMPATH/CodeIgniter.php(942): App\Controllers\Profile->index()
 5 SYSTEMPATH/CodeIgniter.php(502): CodeIgniter\CodeIgniter->runController(Object(App\Controllers\Profile))
 6 SYSTEMPATH/CodeIgniter.php(361): CodeIgniter\CodeIgniter->handleRequest(null, Object(Config\Cache), false)
 7 FCPATH/index.php(79): CodeIgniter\CodeIgniter->run()
 8 SYSTEMPATH/Commands/Server/rewrite.php(47): require_once('/Users/rlferrazza/Documents/skeleton/public/index.php')
CRITICAL - 2024-01-02 18:02:21 --> Invalid file: "gerenciador/profile/index.php"
in SYSTEMPATH/Exceptions/FrameworkException.php on line 39.
 1 SYSTEMPATH/View/View.php(216): CodeIgniter\Exceptions\FrameworkException::forInvalidFile('gerenciador/profile/index.php')
 2 SYSTEMPATH/Common.php(1190): CodeIgniter\View\View->render('gerenciador/profile/index', [], true)
 3 APPPATH/Controllers/Profile.php(9): view('gerenciador/profile/index')
 4 SYSTEMPATH/CodeIgniter.php(942): App\Controllers\Profile->index()
 5 SYSTEMPATH/CodeIgniter.php(502): CodeIgniter\CodeIgniter->runController(Object(App\Controllers\Profile))
 6 SYSTEMPATH/CodeIgniter.php(361): CodeIgniter\CodeIgniter->handleRequest(null, Object(Config\Cache), false)
 7 FCPATH/index.php(79): CodeIgniter\CodeIgniter->run()
 8 SYSTEMPATH/Commands/Server/rewrite.php(47): require_once('/Users/rlferrazza/Documents/skeleton/public/index.php')
CRITICAL - 2024-01-02 18:02:34 --> include(../Header.php): Failed to open stream: No such file or directory
in APPPATH/Views/gerenciador/dashboard/profile/index.php on line 1.
 1 APPPATH/Views/gerenciador/dashboard/profile/index.php(1): CodeIgniter\Debug\Exceptions->errorHandler(2, 'include(../Header.php): Failed to open stream: No such file or directory', '/Users/rlferrazza/Documents/skeleton/app/Views/gerenciador/dashboard/profile/index.php', 1)
 2 APPPATH/Views/gerenciador/dashboard/profile/index.php(1): include()
 3 SYSTEMPATH/View/View.php(228): include('/Users/rlferrazza/Documents/skeleton/app/Views/gerenciador/dashboard/profile/index.php')
 4 SYSTEMPATH/View/View.php(231): CodeIgniter\View\View->CodeIgniter\View\{closure}()
 5 SYSTEMPATH/Common.php(1190): CodeIgniter\View\View->render('gerenciador/dashboard/profile/index', [], true)
 6 APPPATH/Controllers/Profile.php(9): view('gerenciador/dashboard/profile/index')
 7 SYSTEMPATH/CodeIgniter.php(942): App\Controllers\Profile->index()
 8 SYSTEMPATH/CodeIgniter.php(502): CodeIgniter\CodeIgniter->runController(Object(App\Controllers\Profile))
 9 SYSTEMPATH/CodeIgniter.php(361): CodeIgniter\CodeIgniter->handleRequest(null, Object(Config\Cache), false)
10 FCPATH/index.php(79): CodeIgniter\CodeIgniter->run()
11 SYSTEMPATH/Commands/Server/rewrite.php(47): require_once('/Users/rlferrazza/Documents/skeleton/public/index.php')
CRITICAL - 2024-01-02 18:02:35 --> include(../Header.php): Failed to open stream: No such file or directory
in APPPATH/Views/gerenciador/dashboard/profile/index.php on line 1.
 1 APPPATH/Views/gerenciador/dashboard/profile/index.php(1): CodeIgniter\Debug\Exceptions->errorHandler(2, 'include(../Header.php): Failed to open stream: No such file or directory', '/Users/rlferrazza/Documents/skeleton/app/Views/gerenciador/dashboard/profile/index.php', 1)
 2 APPPATH/Views/gerenciador/dashboard/profile/index.php(1): include()
 3 SYSTEMPATH/View/View.php(228): include('/Users/rlferrazza/Documents/skeleton/app/Views/gerenciador/dashboard/profile/index.php')
 4 SYSTEMPATH/View/View.php(231): CodeIgniter\View\View->CodeIgniter\View\{closure}()
 5 SYSTEMPATH/Common.php(1190): CodeIgniter\View\View->render('gerenciador/dashboard/profile/index', [], true)
 6 APPPATH/Controllers/Profile.php(9): view('gerenciador/dashboard/profile/index')
 7 SYSTEMPATH/CodeIgniter.php(942): App\Controllers\Profile->index()
 8 SYSTEMPATH/CodeIgniter.php(502): CodeIgniter\CodeIgniter->runController(Object(App\Controllers\Profile))
 9 SYSTEMPATH/CodeIgniter.php(361): CodeIgniter\CodeIgniter->handleRequest(null, Object(Config\Cache), false)
10 FCPATH/index.php(79): CodeIgniter\CodeIgniter->run()
11 SYSTEMPATH/Commands/Server/rewrite.php(47): require_once('/Users/rlferrazza/Documents/skeleton/public/index.php')
CRITICAL - 2024-01-02 18:02:35 --> include(../Header.php): Failed to open stream: No such file or directory
in APPPATH/Views/gerenciador/dashboard/profile/index.php on line 1.
 1 APPPATH/Views/gerenciador/dashboard/profile/index.php(1): CodeIgniter\Debug\Exceptions->errorHandler(2, 'include(../Header.php): Failed to open stream: No such file or directory', '/Users/rlferrazza/Documents/skeleton/app/Views/gerenciador/dashboard/profile/index.php', 1)
 2 APPPATH/Views/gerenciador/dashboard/profile/index.php(1): include()
 3 SYSTEMPATH/View/View.php(228): include('/Users/rlferrazza/Documents/skeleton/app/Views/gerenciador/dashboard/profile/index.php')
 4 SYSTEMPATH/View/View.php(231): CodeIgniter\View\View->CodeIgniter\View\{closure}()
 5 SYSTEMPATH/Common.php(1190): CodeIgniter\View\View->render('gerenciador/dashboard/profile/index', [], true)
 6 APPPATH/Controllers/Profile.php(9): view('gerenciador/dashboard/profile/index')
 7 SYSTEMPATH/CodeIgniter.php(942): App\Controllers\Profile->index()
 8 SYSTEMPATH/CodeIgniter.php(502): CodeIgniter\CodeIgniter->runController(Object(App\Controllers\Profile))
 9 SYSTEMPATH/CodeIgniter.php(361): CodeIgniter\CodeIgniter->handleRequest(null, Object(Config\Cache), false)
10 FCPATH/index.php(79): CodeIgniter\CodeIgniter->run()
11 SYSTEMPATH/Commands/Server/rewrite.php(47): require_once('/Users/rlferrazza/Documents/skeleton/public/index.php')
CRITICAL - 2024-01-02 18:05:40 --> include(../Header.php): Failed to open stream: No such file or directory
in APPPATH/Views/gerenciador/dashboard/profile/index.php on line 1.
 1 APPPATH/Views/gerenciador/dashboard/profile/index.php(1): CodeIgniter\Debug\Exceptions->errorHandler(2, 'include(../Header.php): Failed to open stream: No such file or directory', '/Users/rlferrazza/Documents/skeleton/app/Views/gerenciador/dashboard/profile/index.php', 1)
 2 APPPATH/Views/gerenciador/dashboard/profile/index.php(1): include()
 3 SYSTEMPATH/View/View.php(228): include('/Users/rlferrazza/Documents/skeleton/app/Views/gerenciador/dashboard/profile/index.php')
 4 SYSTEMPATH/View/View.php(231): CodeIgniter\View\View->CodeIgniter\View\{closure}()
 5 SYSTEMPATH/Common.php(1190): CodeIgniter\View\View->render('gerenciador/dashboard/profile/index', [], true)
 6 APPPATH/Controllers/Profile.php(9): view('gerenciador/dashboard/profile/index')
 7 SYSTEMPATH/CodeIgniter.php(942): App\Controllers\Profile->index()
 8 SYSTEMPATH/CodeIgniter.php(502): CodeIgniter\CodeIgniter->runController(Object(App\Controllers\Profile))
 9 SYSTEMPATH/CodeIgniter.php(361): CodeIgniter\CodeIgniter->handleRequest(null, Object(Config\Cache), false)
10 FCPATH/index.php(79): CodeIgniter\CodeIgniter->run()
11 SYSTEMPATH/Commands/Server/rewrite.php(47): require_once('/Users/rlferrazza/Documents/skeleton/public/index.php')
CRITICAL - 2024-01-02 18:05:40 --> include(../Header.php): Failed to open stream: No such file or directory
in APPPATH/Views/gerenciador/dashboard/profile/index.php on line 1.
 1 APPPATH/Views/gerenciador/dashboard/profile/index.php(1): CodeIgniter\Debug\Exceptions->errorHandler(2, 'include(../Header.php): Failed to open stream: No such file or directory', '/Users/rlferrazza/Documents/skeleton/app/Views/gerenciador/dashboard/profile/index.php', 1)
 2 APPPATH/Views/gerenciador/dashboard/profile/index.php(1): include()
 3 SYSTEMPATH/View/View.php(228): include('/Users/rlferrazza/Documents/skeleton/app/Views/gerenciador/dashboard/profile/index.php')
 4 SYSTEMPATH/View/View.php(231): CodeIgniter\View\View->CodeIgniter\View\{closure}()
 5 SYSTEMPATH/Common.php(1190): CodeIgniter\View\View->render('gerenciador/dashboard/profile/index', [], true)
 6 APPPATH/Controllers/Profile.php(9): view('gerenciador/dashboard/profile/index')
 7 SYSTEMPATH/CodeIgniter.php(942): App\Controllers\Profile->index()
 8 SYSTEMPATH/CodeIgniter.php(502): CodeIgniter\CodeIgniter->runController(Object(App\Controllers\Profile))
 9 SYSTEMPATH/CodeIgniter.php(361): CodeIgniter\CodeIgniter->handleRequest(null, Object(Config\Cache), false)
10 FCPATH/index.php(79): CodeIgniter\CodeIgniter->run()
11 SYSTEMPATH/Commands/Server/rewrite.php(47): require_once('/Users/rlferrazza/Documents/skeleton/public/index.php')
CRITICAL - 2024-01-02 18:06:10 --> include(../Header.php): Failed to open stream: No such file or directory
in APPPATH/Views/gerenciador/dashboard/profile/index.php on line 1.
 1 APPPATH/Views/gerenciador/dashboard/profile/index.php(1): CodeIgniter\Debug\Exceptions->errorHandler(2, 'include(../Header.php): Failed to open stream: No such file or directory', '/Users/rlferrazza/Documents/skeleton/app/Views/gerenciador/dashboard/profile/index.php', 1)
 2 APPPATH/Views/gerenciador/dashboard/profile/index.php(1): include()
 3 SYSTEMPATH/View/View.php(228): include('/Users/rlferrazza/Documents/skeleton/app/Views/gerenciador/dashboard/profile/index.php')
 4 SYSTEMPATH/View/View.php(231): CodeIgniter\View\View->CodeIgniter\View\{closure}()
 5 SYSTEMPATH/Common.php(1190): CodeIgniter\View\View->render('gerenciador/dashboard/profile/index', [], true)
 6 APPPATH/Controllers/Profile.php(9): view('gerenciador/dashboard/profile/index')
 7 SYSTEMPATH/CodeIgniter.php(942): App\Controllers\Profile->index()
 8 SYSTEMPATH/CodeIgniter.php(502): CodeIgniter\CodeIgniter->runController(Object(App\Controllers\Profile))
 9 SYSTEMPATH/CodeIgniter.php(361): CodeIgniter\CodeIgniter->handleRequest(null, Object(Config\Cache), false)
10 FCPATH/index.php(79): CodeIgniter\CodeIgniter->run()
11 SYSTEMPATH/Commands/Server/rewrite.php(47): require_once('/Users/rlferrazza/Documents/skeleton/public/index.php')
CRITICAL - 2024-01-02 18:06:19 --> include(/../Header.php): Failed to open stream: No such file or directory
in APPPATH/Views/gerenciador/dashboard/profile/index.php on line 1.
 1 APPPATH/Views/gerenciador/dashboard/profile/index.php(1): CodeIgniter\Debug\Exceptions->errorHandler(2, 'include(/../Header.php): Failed to open stream: No such file or directory', '/Users/rlferrazza/Documents/skeleton/app/Views/gerenciador/dashboard/profile/index.php', 1)
 2 APPPATH/Views/gerenciador/dashboard/profile/index.php(1): include()
 3 SYSTEMPATH/View/View.php(228): include('/Users/rlferrazza/Documents/skeleton/app/Views/gerenciador/dashboard/profile/index.php')
 4 SYSTEMPATH/View/View.php(231): CodeIgniter\View\View->CodeIgniter\View\{closure}()
 5 SYSTEMPATH/Common.php(1190): CodeIgniter\View\View->render('gerenciador/dashboard/profile/index', [], true)
 6 APPPATH/Controllers/Profile.php(9): view('gerenciador/dashboard/profile/index')
 7 SYSTEMPATH/CodeIgniter.php(942): App\Controllers\Profile->index()
 8 SYSTEMPATH/CodeIgniter.php(502): CodeIgniter\CodeIgniter->runController(Object(App\Controllers\Profile))
 9 SYSTEMPATH/CodeIgniter.php(361): CodeIgniter\CodeIgniter->handleRequest(null, Object(Config\Cache), false)
10 FCPATH/index.php(79): CodeIgniter\CodeIgniter->run()
11 SYSTEMPATH/Commands/Server/rewrite.php(47): require_once('/Users/rlferrazza/Documents/skeleton/public/index.php')
CRITICAL - 2024-01-02 18:06:19 --> include(/../Header.php): Failed to open stream: No such file or directory
in APPPATH/Views/gerenciador/dashboard/profile/index.php on line 1.
 1 APPPATH/Views/gerenciador/dashboard/profile/index.php(1): CodeIgniter\Debug\Exceptions->errorHandler(2, 'include(/../Header.php): Failed to open stream: No such file or directory', '/Users/rlferrazza/Documents/skeleton/app/Views/gerenciador/dashboard/profile/index.php', 1)
 2 APPPATH/Views/gerenciador/dashboard/profile/index.php(1): include()
 3 SYSTEMPATH/View/View.php(228): include('/Users/rlferrazza/Documents/skeleton/app/Views/gerenciador/dashboard/profile/index.php')
 4 SYSTEMPATH/View/View.php(231): CodeIgniter\View\View->CodeIgniter\View\{closure}()
 5 SYSTEMPATH/Common.php(1190): CodeIgniter\View\View->render('gerenciador/dashboard/profile/index', [], true)
 6 APPPATH/Controllers/Profile.php(9): view('gerenciador/dashboard/profile/index')
 7 SYSTEMPATH/CodeIgniter.php(942): App\Controllers\Profile->index()
 8 SYSTEMPATH/CodeIgniter.php(502): CodeIgniter\CodeIgniter->runController(Object(App\Controllers\Profile))
 9 SYSTEMPATH/CodeIgniter.php(361): CodeIgniter\CodeIgniter->handleRequest(null, Object(Config\Cache), false)
10 FCPATH/index.php(79): CodeIgniter\CodeIgniter->run()
11 SYSTEMPATH/Commands/Server/rewrite.php(47): require_once('/Users/rlferrazza/Documents/skeleton/public/index.php')
CRITICAL - 2024-01-02 18:06:20 --> include(/../Header.php): Failed to open stream: No such file or directory
in APPPATH/Views/gerenciador/dashboard/profile/index.php on line 1.
 1 APPPATH/Views/gerenciador/dashboard/profile/index.php(1): CodeIgniter\Debug\Exceptions->errorHandler(2, 'include(/../Header.php): Failed to open stream: No such file or directory', '/Users/rlferrazza/Documents/skeleton/app/Views/gerenciador/dashboard/profile/index.php', 1)
 2 APPPATH/Views/gerenciador/dashboard/profile/index.php(1): include()
 3 SYSTEMPATH/View/View.php(228): include('/Users/rlferrazza/Documents/skeleton/app/Views/gerenciador/dashboard/profile/index.php')
 4 SYSTEMPATH/View/View.php(231): CodeIgniter\View\View->CodeIgniter\View\{closure}()
 5 SYSTEMPATH/Common.php(1190): CodeIgniter\View\View->render('gerenciador/dashboard/profile/index', [], true)
 6 APPPATH/Controllers/Profile.php(9): view('gerenciador/dashboard/profile/index')
 7 SYSTEMPATH/CodeIgniter.php(942): App\Controllers\Profile->index()
 8 SYSTEMPATH/CodeIgniter.php(502): CodeIgniter\CodeIgniter->runController(Object(App\Controllers\Profile))
 9 SYSTEMPATH/CodeIgniter.php(361): CodeIgniter\CodeIgniter->handleRequest(null, Object(Config\Cache), false)
10 FCPATH/index.php(79): CodeIgniter\CodeIgniter->run()
11 SYSTEMPATH/Commands/Server/rewrite.php(47): require_once('/Users/rlferrazza/Documents/skeleton/public/index.php')
CRITICAL - 2024-01-02 18:06:30 --> include(Header.php): Failed to open stream: No such file or directory
in APPPATH/Views/gerenciador/dashboard/profile/index.php on line 1.
 1 APPPATH/Views/gerenciador/dashboard/profile/index.php(1): CodeIgniter\Debug\Exceptions->errorHandler(2, 'include(Header.php): Failed to open stream: No such file or directory', '/Users/rlferrazza/Documents/skeleton/app/Views/gerenciador/dashboard/profile/index.php', 1)
 2 APPPATH/Views/gerenciador/dashboard/profile/index.php(1): include()
 3 SYSTEMPATH/View/View.php(228): include('/Users/rlferrazza/Documents/skeleton/app/Views/gerenciador/dashboard/profile/index.php')
 4 SYSTEMPATH/View/View.php(231): CodeIgniter\View\View->CodeIgniter\View\{closure}()
 5 SYSTEMPATH/Common.php(1190): CodeIgniter\View\View->render('gerenciador/dashboard/profile/index', [], true)
 6 APPPATH/Controllers/Profile.php(9): view('gerenciador/dashboard/profile/index')
 7 SYSTEMPATH/CodeIgniter.php(942): App\Controllers\Profile->index()
 8 SYSTEMPATH/CodeIgniter.php(502): CodeIgniter\CodeIgniter->runController(Object(App\Controllers\Profile))
 9 SYSTEMPATH/CodeIgniter.php(361): CodeIgniter\CodeIgniter->handleRequest(null, Object(Config\Cache), false)
10 FCPATH/index.php(79): CodeIgniter\CodeIgniter->run()
11 SYSTEMPATH/Commands/Server/rewrite.php(47): require_once('/Users/rlferrazza/Documents/skeleton/public/index.php')
CRITICAL - 2024-01-02 18:06:40 --> include(Header.php): Failed to open stream: No such file or directory
in APPPATH/Views/gerenciador/dashboard/profile/index.php on line 1.
 1 APPPATH/Views/gerenciador/dashboard/profile/index.php(1): CodeIgniter\Debug\Exceptions->errorHandler(2, 'include(Header.php): Failed to open stream: No such file or directory', '/Users/rlferrazza/Documents/skeleton/app/Views/gerenciador/dashboard/profile/index.php', 1)
 2 APPPATH/Views/gerenciador/dashboard/profile/index.php(1): include()
 3 SYSTEMPATH/View/View.php(228): include('/Users/rlferrazza/Documents/skeleton/app/Views/gerenciador/dashboard/profile/index.php')
 4 SYSTEMPATH/View/View.php(231): CodeIgniter\View\View->CodeIgniter\View\{closure}()
 5 SYSTEMPATH/Common.php(1190): CodeIgniter\View\View->render('gerenciador/dashboard/profile/index', [], true)
 6 APPPATH/Controllers/Profile.php(9): view('gerenciador/dashboard/profile/index')
 7 SYSTEMPATH/CodeIgniter.php(942): App\Controllers\Profile->index()
 8 SYSTEMPATH/CodeIgniter.php(502): CodeIgniter\CodeIgniter->runController(Object(App\Controllers\Profile))
 9 SYSTEMPATH/CodeIgniter.php(361): CodeIgniter\CodeIgniter->handleRequest(null, Object(Config\Cache), false)
10 FCPATH/index.php(79): CodeIgniter\CodeIgniter->run()
11 SYSTEMPATH/Commands/Server/rewrite.php(47): require_once('/Users/rlferrazza/Documents/skeleton/public/index.php')
CRITICAL - 2024-01-02 18:06:57 --> include(Header.php): Failed to open stream: No such file or directory
in APPPATH/Views/gerenciador/dashboard/profile/index.php on line 1.
 1 APPPATH/Views/gerenciador/dashboard/profile/index.php(1): CodeIgniter\Debug\Exceptions->errorHandler(2, 'include(Header.php): Failed to open stream: No such file or directory', '/Users/rlferrazza/Documents/skeleton/app/Views/gerenciador/dashboard/profile/index.php', 1)
 2 APPPATH/Views/gerenciador/dashboard/profile/index.php(1): include()
 3 SYSTEMPATH/View/View.php(228): include('/Users/rlferrazza/Documents/skeleton/app/Views/gerenciador/dashboard/profile/index.php')
 4 SYSTEMPATH/View/View.php(231): CodeIgniter\View\View->CodeIgniter\View\{closure}()
 5 SYSTEMPATH/Common.php(1190): CodeIgniter\View\View->render('gerenciador/dashboard/profile/index', [], true)
 6 APPPATH/Controllers/Profile.php(9): view('gerenciador/dashboard/profile/index')
 7 SYSTEMPATH/CodeIgniter.php(942): App\Controllers\Profile->index()
 8 SYSTEMPATH/CodeIgniter.php(502): CodeIgniter\CodeIgniter->runController(Object(App\Controllers\Profile))
 9 SYSTEMPATH/CodeIgniter.php(361): CodeIgniter\CodeIgniter->handleRequest(null, Object(Config\Cache), false)
10 FCPATH/index.php(79): CodeIgniter\CodeIgniter->run()
11 SYSTEMPATH/Commands/Server/rewrite.php(47): require_once('/Users/rlferrazza/Documents/skeleton/public/index.php')
CRITICAL - 2024-01-02 18:07:08 --> include(../Header.php): Failed to open stream: No such file or directory
in APPPATH/Views/gerenciador/dashboard/profile/index.php on line 1.
 1 APPPATH/Views/gerenciador/dashboard/profile/index.php(1): CodeIgniter\Debug\Exceptions->errorHandler(2, 'include(../Header.php): Failed to open stream: No such file or directory', '/Users/rlferrazza/Documents/skeleton/app/Views/gerenciador/dashboard/profile/index.php', 1)
 2 APPPATH/Views/gerenciador/dashboard/profile/index.php(1): include()
 3 SYSTEMPATH/View/View.php(228): include('/Users/rlferrazza/Documents/skeleton/app/Views/gerenciador/dashboard/profile/index.php')
 4 SYSTEMPATH/View/View.php(231): CodeIgniter\View\View->CodeIgniter\View\{closure}()
 5 SYSTEMPATH/Common.php(1190): CodeIgniter\View\View->render('gerenciador/dashboard/profile/index', [], true)
 6 APPPATH/Controllers/Profile.php(9): view('gerenciador/dashboard/profile/index')
 7 SYSTEMPATH/CodeIgniter.php(942): App\Controllers\Profile->index()
 8 SYSTEMPATH/CodeIgniter.php(502): CodeIgniter\CodeIgniter->runController(Object(App\Controllers\Profile))
 9 SYSTEMPATH/CodeIgniter.php(361): CodeIgniter\CodeIgniter->handleRequest(null, Object(Config\Cache), false)
10 FCPATH/index.php(79): CodeIgniter\CodeIgniter->run()
11 SYSTEMPATH/Commands/Server/rewrite.php(47): require_once('/Users/rlferrazza/Documents/skeleton/public/index.php')
CRITICAL - 2024-01-02 18:07:08 --> include(../Header.php): Failed to open stream: No such file or directory
in APPPATH/Views/gerenciador/dashboard/profile/index.php on line 1.
 1 APPPATH/Views/gerenciador/dashboard/profile/index.php(1): CodeIgniter\Debug\Exceptions->errorHandler(2, 'include(../Header.php): Failed to open stream: No such file or directory', '/Users/rlferrazza/Documents/skeleton/app/Views/gerenciador/dashboard/profile/index.php', 1)
 2 APPPATH/Views/gerenciador/dashboard/profile/index.php(1): include()
 3 SYSTEMPATH/View/View.php(228): include('/Users/rlferrazza/Documents/skeleton/app/Views/gerenciador/dashboard/profile/index.php')
 4 SYSTEMPATH/View/View.php(231): CodeIgniter\View\View->CodeIgniter\View\{closure}()
 5 SYSTEMPATH/Common.php(1190): CodeIgniter\View\View->render('gerenciador/dashboard/profile/index', [], true)
 6 APPPATH/Controllers/Profile.php(9): view('gerenciador/dashboard/profile/index')
 7 SYSTEMPATH/CodeIgniter.php(942): App\Controllers\Profile->index()
 8 SYSTEMPATH/CodeIgniter.php(502): CodeIgniter\CodeIgniter->runController(Object(App\Controllers\Profile))
 9 SYSTEMPATH/CodeIgniter.php(361): CodeIgniter\CodeIgniter->handleRequest(null, Object(Config\Cache), false)
10 FCPATH/index.php(79): CodeIgniter\CodeIgniter->run()
11 SYSTEMPATH/Commands/Server/rewrite.php(47): require_once('/Users/rlferrazza/Documents/skeleton/public/index.php')
CRITICAL - 2024-01-02 18:07:09 --> include(../Header.php): Failed to open stream: No such file or directory
in APPPATH/Views/gerenciador/dashboard/profile/index.php on line 1.
 1 APPPATH/Views/gerenciador/dashboard/profile/index.php(1): CodeIgniter\Debug\Exceptions->errorHandler(2, 'include(../Header.php): Failed to open stream: No such file or directory', '/Users/rlferrazza/Documents/skeleton/app/Views/gerenciador/dashboard/profile/index.php', 1)
 2 APPPATH/Views/gerenciador/dashboard/profile/index.php(1): include()
 3 SYSTEMPATH/View/View.php(228): include('/Users/rlferrazza/Documents/skeleton/app/Views/gerenciador/dashboard/profile/index.php')
 4 SYSTEMPATH/View/View.php(231): CodeIgniter\View\View->CodeIgniter\View\{closure}()
 5 SYSTEMPATH/Common.php(1190): CodeIgniter\View\View->render('gerenciador/dashboard/profile/index', [], true)
 6 APPPATH/Controllers/Profile.php(9): view('gerenciador/dashboard/profile/index')
 7 SYSTEMPATH/CodeIgniter.php(942): App\Controllers\Profile->index()
 8 SYSTEMPATH/CodeIgniter.php(502): CodeIgniter\CodeIgniter->runController(Object(App\Controllers\Profile))
 9 SYSTEMPATH/CodeIgniter.php(361): CodeIgniter\CodeIgniter->handleRequest(null, Object(Config\Cache), false)
10 FCPATH/index.php(79): CodeIgniter\CodeIgniter->run()
11 SYSTEMPATH/Commands/Server/rewrite.php(47): require_once('/Users/rlferrazza/Documents/skeleton/public/index.php')
CRITICAL - 2024-01-02 18:07:09 --> include(../Header.php): Failed to open stream: No such file or directory
in APPPATH/Views/gerenciador/dashboard/profile/index.php on line 1.
 1 APPPATH/Views/gerenciador/dashboard/profile/index.php(1): CodeIgniter\Debug\Exceptions->errorHandler(2, 'include(../Header.php): Failed to open stream: No such file or directory', '/Users/rlferrazza/Documents/skeleton/app/Views/gerenciador/dashboard/profile/index.php', 1)
 2 APPPATH/Views/gerenciador/dashboard/profile/index.php(1): include()
 3 SYSTEMPATH/View/View.php(228): include('/Users/rlferrazza/Documents/skeleton/app/Views/gerenciador/dashboard/profile/index.php')
 4 SYSTEMPATH/View/View.php(231): CodeIgniter\View\View->CodeIgniter\View\{closure}()
 5 SYSTEMPATH/Common.php(1190): CodeIgniter\View\View->render('gerenciador/dashboard/profile/index', [], true)
 6 APPPATH/Controllers/Profile.php(9): view('gerenciador/dashboard/profile/index')
 7 SYSTEMPATH/CodeIgniter.php(942): App\Controllers\Profile->index()
 8 SYSTEMPATH/CodeIgniter.php(502): CodeIgniter\CodeIgniter->runController(Object(App\Controllers\Profile))
 9 SYSTEMPATH/CodeIgniter.php(361): CodeIgniter\CodeIgniter->handleRequest(null, Object(Config\Cache), false)
10 FCPATH/index.php(79): CodeIgniter\CodeIgniter->run()
11 SYSTEMPATH/Commands/Server/rewrite.php(47): require_once('/Users/rlferrazza/Documents/skeleton/public/index.php')
CRITICAL - 2024-01-02 18:08:02 --> include(../Header.php): Failed to open stream: No such file or directory
in APPPATH/Views/gerenciador/dashboard/profile/index.php on line 1.
 1 APPPATH/Views/gerenciador/dashboard/profile/index.php(1): CodeIgniter\Debug\Exceptions->errorHandler(2, 'include(../Header.php): Failed to open stream: No such file or directory', '/Users/rlferrazza/Documents/skeleton/app/Views/gerenciador/dashboard/profile/index.php', 1)
 2 APPPATH/Views/gerenciador/dashboard/profile/index.php(1): include()
 3 SYSTEMPATH/View/View.php(228): include('/Users/rlferrazza/Documents/skeleton/app/Views/gerenciador/dashboard/profile/index.php')
 4 SYSTEMPATH/View/View.php(231): CodeIgniter\View\View->CodeIgniter\View\{closure}()
 5 SYSTEMPATH/Common.php(1190): CodeIgniter\View\View->render('gerenciador/dashboard/profile/index', [], true)
 6 APPPATH/Controllers/Profile.php(12): view('gerenciador/dashboard/profile/index')
 7 SYSTEMPATH/CodeIgniter.php(942): App\Controllers\Profile->index()
 8 SYSTEMPATH/CodeIgniter.php(502): CodeIgniter\CodeIgniter->runController(Object(App\Controllers\Profile))
 9 SYSTEMPATH/CodeIgniter.php(361): CodeIgniter\CodeIgniter->handleRequest(null, Object(Config\Cache), false)
10 FCPATH/index.php(79): CodeIgniter\CodeIgniter->run()
11 SYSTEMPATH/Commands/Server/rewrite.php(47): require_once('/Users/rlferrazza/Documents/skeleton/public/index.php')
CRITICAL - 2024-01-02 18:08:21 --> include(../Header.php): Failed to open stream: No such file or directory
in APPPATH/Views/gerenciador/dashboard/profile/index.php on line 1.
 1 APPPATH/Views/gerenciador/dashboard/profile/index.php(1): CodeIgniter\Debug\Exceptions->errorHandler(2, 'include(../Header.php): Failed to open stream: No such file or directory', '/Users/rlferrazza/Documents/skeleton/app/Views/gerenciador/dashboard/profile/index.php', 1)
 2 APPPATH/Views/gerenciador/dashboard/profile/index.php(1): include()
 3 SYSTEMPATH/View/View.php(228): include('/Users/rlferrazza/Documents/skeleton/app/Views/gerenciador/dashboard/profile/index.php')
 4 SYSTEMPATH/View/View.php(231): CodeIgniter\View\View->CodeIgniter\View\{closure}()
 5 SYSTEMPATH/Common.php(1190): CodeIgniter\View\View->render('gerenciador/dashboard/profile/index', [], true)
 6 APPPATH/Controllers/Profile.php(9): view('gerenciador/dashboard/profile/index')
 7 SYSTEMPATH/CodeIgniter.php(942): App\Controllers\Profile->index()
 8 SYSTEMPATH/CodeIgniter.php(502): CodeIgniter\CodeIgniter->runController(Object(App\Controllers\Profile))
 9 SYSTEMPATH/CodeIgniter.php(361): CodeIgniter\CodeIgniter->handleRequest(null, Object(Config\Cache), false)
10 FCPATH/index.php(79): CodeIgniter\CodeIgniter->run()
11 SYSTEMPATH/Commands/Server/rewrite.php(47): require_once('/Users/rlferrazza/Documents/skeleton/public/index.php')
CRITICAL - 2024-01-02 18:08:22 --> include(../Header.php): Failed to open stream: No such file or directory
in APPPATH/Views/gerenciador/dashboard/profile/index.php on line 1.
 1 APPPATH/Views/gerenciador/dashboard/profile/index.php(1): CodeIgniter\Debug\Exceptions->errorHandler(2, 'include(../Header.php): Failed to open stream: No such file or directory', '/Users/rlferrazza/Documents/skeleton/app/Views/gerenciador/dashboard/profile/index.php', 1)
 2 APPPATH/Views/gerenciador/dashboard/profile/index.php(1): include()
 3 SYSTEMPATH/View/View.php(228): include('/Users/rlferrazza/Documents/skeleton/app/Views/gerenciador/dashboard/profile/index.php')
 4 SYSTEMPATH/View/View.php(231): CodeIgniter\View\View->CodeIgniter\View\{closure}()
 5 SYSTEMPATH/Common.php(1190): CodeIgniter\View\View->render('gerenciador/dashboard/profile/index', [], true)
 6 APPPATH/Controllers/Profile.php(9): view('gerenciador/dashboard/profile/index')
 7 SYSTEMPATH/CodeIgniter.php(942): App\Controllers\Profile->index()
 8 SYSTEMPATH/CodeIgniter.php(502): CodeIgniter\CodeIgniter->runController(Object(App\Controllers\Profile))
 9 SYSTEMPATH/CodeIgniter.php(361): CodeIgniter\CodeIgniter->handleRequest(null, Object(Config\Cache), false)
10 FCPATH/index.php(79): CodeIgniter\CodeIgniter->run()
11 SYSTEMPATH/Commands/Server/rewrite.php(47): require_once('/Users/rlferrazza/Documents/skeleton/public/index.php')
CRITICAL - 2024-01-02 18:08:22 --> include(../Header.php): Failed to open stream: No such file or directory
in APPPATH/Views/gerenciador/dashboard/profile/index.php on line 1.
 1 APPPATH/Views/gerenciador/dashboard/profile/index.php(1): CodeIgniter\Debug\Exceptions->errorHandler(2, 'include(../Header.php): Failed to open stream: No such file or directory', '/Users/rlferrazza/Documents/skeleton/app/Views/gerenciador/dashboard/profile/index.php', 1)
 2 APPPATH/Views/gerenciador/dashboard/profile/index.php(1): include()
 3 SYSTEMPATH/View/View.php(228): include('/Users/rlferrazza/Documents/skeleton/app/Views/gerenciador/dashboard/profile/index.php')
 4 SYSTEMPATH/View/View.php(231): CodeIgniter\View\View->CodeIgniter\View\{closure}()
 5 SYSTEMPATH/Common.php(1190): CodeIgniter\View\View->render('gerenciador/dashboard/profile/index', [], true)
 6 APPPATH/Controllers/Profile.php(9): view('gerenciador/dashboard/profile/index')
 7 SYSTEMPATH/CodeIgniter.php(942): App\Controllers\Profile->index()
 8 SYSTEMPATH/CodeIgniter.php(502): CodeIgniter\CodeIgniter->runController(Object(App\Controllers\Profile))
 9 SYSTEMPATH/CodeIgniter.php(361): CodeIgniter\CodeIgniter->handleRequest(null, Object(Config\Cache), false)
10 FCPATH/index.php(79): CodeIgniter\CodeIgniter->run()
11 SYSTEMPATH/Commands/Server/rewrite.php(47): require_once('/Users/rlferrazza/Documents/skeleton/public/index.php')
CRITICAL - 2024-01-02 18:08:32 --> include(../../Header.php): Failed to open stream: No such file or directory
in APPPATH/Views/gerenciador/dashboard/profile/index.php on line 1.
 1 APPPATH/Views/gerenciador/dashboard/profile/index.php(1): CodeIgniter\Debug\Exceptions->errorHandler(2, 'include(../../Header.php): Failed to open stream: No such file or directory', '/Users/rlferrazza/Documents/skeleton/app/Views/gerenciador/dashboard/profile/index.php', 1)
 2 APPPATH/Views/gerenciador/dashboard/profile/index.php(1): include()
 3 SYSTEMPATH/View/View.php(228): include('/Users/rlferrazza/Documents/skeleton/app/Views/gerenciador/dashboard/profile/index.php')
 4 SYSTEMPATH/View/View.php(231): CodeIgniter\View\View->CodeIgniter\View\{closure}()
 5 SYSTEMPATH/Common.php(1190): CodeIgniter\View\View->render('gerenciador/dashboard/profile/index', [], true)
 6 APPPATH/Controllers/Profile.php(9): view('gerenciador/dashboard/profile/index')
 7 SYSTEMPATH/CodeIgniter.php(942): App\Controllers\Profile->index()
 8 SYSTEMPATH/CodeIgniter.php(502): CodeIgniter\CodeIgniter->runController(Object(App\Controllers\Profile))
 9 SYSTEMPATH/CodeIgniter.php(361): CodeIgniter\CodeIgniter->handleRequest(null, Object(Config\Cache), false)
10 FCPATH/index.php(79): CodeIgniter\CodeIgniter->run()
11 SYSTEMPATH/Commands/Server/rewrite.php(47): require_once('/Users/rlferrazza/Documents/skeleton/public/index.php')
CRITICAL - 2024-01-02 18:08:36 --> include(Header.php): Failed to open stream: No such file or directory
in APPPATH/Views/gerenciador/dashboard/profile/index.php on line 1.
 1 APPPATH/Views/gerenciador/dashboard/profile/index.php(1): CodeIgniter\Debug\Exceptions->errorHandler(2, 'include(Header.php): Failed to open stream: No such file or directory', '/Users/rlferrazza/Documents/skeleton/app/Views/gerenciador/dashboard/profile/index.php', 1)
 2 APPPATH/Views/gerenciador/dashboard/profile/index.php(1): include()
 3 SYSTEMPATH/View/View.php(228): include('/Users/rlferrazza/Documents/skeleton/app/Views/gerenciador/dashboard/profile/index.php')
 4 SYSTEMPATH/View/View.php(231): CodeIgniter\View\View->CodeIgniter\View\{closure}()
 5 SYSTEMPATH/Common.php(1190): CodeIgniter\View\View->render('gerenciador/dashboard/profile/index', [], true)
 6 APPPATH/Controllers/Profile.php(9): view('gerenciador/dashboard/profile/index')
 7 SYSTEMPATH/CodeIgniter.php(942): App\Controllers\Profile->index()
 8 SYSTEMPATH/CodeIgniter.php(502): CodeIgniter\CodeIgniter->runController(Object(App\Controllers\Profile))
 9 SYSTEMPATH/CodeIgniter.php(361): CodeIgniter\CodeIgniter->handleRequest(null, Object(Config\Cache), false)
10 FCPATH/index.php(79): CodeIgniter\CodeIgniter->run()
11 SYSTEMPATH/Commands/Server/rewrite.php(47): require_once('/Users/rlferrazza/Documents/skeleton/public/index.php')
CRITICAL - 2024-01-02 18:08:38 --> include(/Header.php): Failed to open stream: No such file or directory
in APPPATH/Views/gerenciador/dashboard/profile/index.php on line 1.
 1 APPPATH/Views/gerenciador/dashboard/profile/index.php(1): CodeIgniter\Debug\Exceptions->errorHandler(2, 'include(/Header.php): Failed to open stream: No such file or directory', '/Users/rlferrazza/Documents/skeleton/app/Views/gerenciador/dashboard/profile/index.php', 1)
 2 APPPATH/Views/gerenciador/dashboard/profile/index.php(1): include()
 3 SYSTEMPATH/View/View.php(228): include('/Users/rlferrazza/Documents/skeleton/app/Views/gerenciador/dashboard/profile/index.php')
 4 SYSTEMPATH/View/View.php(231): CodeIgniter\View\View->CodeIgniter\View\{closure}()
 5 SYSTEMPATH/Common.php(1190): CodeIgniter\View\View->render('gerenciador/dashboard/profile/index', [], true)
 6 APPPATH/Controllers/Profile.php(9): view('gerenciador/dashboard/profile/index')
 7 SYSTEMPATH/CodeIgniter.php(942): App\Controllers\Profile->index()
 8 SYSTEMPATH/CodeIgniter.php(502): CodeIgniter\CodeIgniter->runController(Object(App\Controllers\Profile))
 9 SYSTEMPATH/CodeIgniter.php(361): CodeIgniter\CodeIgniter->handleRequest(null, Object(Config\Cache), false)
10 FCPATH/index.php(79): CodeIgniter\CodeIgniter->run()
11 SYSTEMPATH/Commands/Server/rewrite.php(47): require_once('/Users/rlferrazza/Documents/skeleton/public/index.php')
CRITICAL - 2024-01-02 18:09:03 --> include(../../../Gerenciador/Dashboard/Header.php): Failed to open stream: No such file or directory
in APPPATH/Views/gerenciador/dashboard/profile/index.php on line 1.
 1 APPPATH/Views/gerenciador/dashboard/profile/index.php(1): CodeIgniter\Debug\Exceptions->errorHandler(2, 'include(../../../Gerenciador/Dashboard/Header.php): Failed to open stream: No such file or directory', '/Users/rlferrazza/Documents/skeleton/app/Views/gerenciador/dashboard/profile/index.php', 1)
 2 APPPATH/Views/gerenciador/dashboard/profile/index.php(1): include()
 3 SYSTEMPATH/View/View.php(228): include('/Users/rlferrazza/Documents/skeleton/app/Views/gerenciador/dashboard/profile/index.php')
 4 SYSTEMPATH/View/View.php(231): CodeIgniter\View\View->CodeIgniter\View\{closure}()
 5 SYSTEMPATH/Common.php(1190): CodeIgniter\View\View->render('gerenciador/dashboard/profile/index', [], true)
 6 APPPATH/Controllers/Profile.php(9): view('gerenciador/dashboard/profile/index')
 7 SYSTEMPATH/CodeIgniter.php(942): App\Controllers\Profile->index()
 8 SYSTEMPATH/CodeIgniter.php(502): CodeIgniter\CodeIgniter->runController(Object(App\Controllers\Profile))
 9 SYSTEMPATH/CodeIgniter.php(361): CodeIgniter\CodeIgniter->handleRequest(null, Object(Config\Cache), false)
10 FCPATH/index.php(79): CodeIgniter\CodeIgniter->run()
11 SYSTEMPATH/Commands/Server/rewrite.php(47): require_once('/Users/rlferrazza/Documents/skeleton/public/index.php')
CRITICAL - 2024-01-02 18:10:09 --> include(/Users/rlferrazza/Documents/skeleton/app/views/gerenciador/dashboard/header): Failed to open stream: No such file or directory
in APPPATH/Views/gerenciador/dashboard/profile/index.php on line 1.
 1 APPPATH/Views/gerenciador/dashboard/profile/index.php(1): CodeIgniter\Debug\Exceptions->errorHandler(2, 'include(/Users/rlferrazza/Documents/skeleton/app/views/gerenciador/dashboard/header): Failed to open stream: No such file or directory', '/Users/rlferrazza/Documents/skeleton/app/Views/gerenciador/dashboard/profile/index.php', 1)
 2 APPPATH/Views/gerenciador/dashboard/profile/index.php(1): include()
 3 SYSTEMPATH/View/View.php(228): include('/Users/rlferrazza/Documents/skeleton/app/Views/gerenciador/dashboard/profile/index.php')
 4 SYSTEMPATH/View/View.php(231): CodeIgniter\View\View->CodeIgniter\View\{closure}()
 5 SYSTEMPATH/Common.php(1190): CodeIgniter\View\View->render('gerenciador/dashboard/profile/index', [], true)
 6 APPPATH/Controllers/Profile.php(9): view('gerenciador/dashboard/profile/index')
 7 SYSTEMPATH/CodeIgniter.php(942): App\Controllers\Profile->index()
 8 SYSTEMPATH/CodeIgniter.php(502): CodeIgniter\CodeIgniter->runController(Object(App\Controllers\Profile))
 9 SYSTEMPATH/CodeIgniter.php(361): CodeIgniter\CodeIgniter->handleRequest(null, Object(Config\Cache), false)
10 FCPATH/index.php(79): CodeIgniter\CodeIgniter->run()
11 SYSTEMPATH/Commands/Server/rewrite.php(47): require_once('/Users/rlferrazza/Documents/skeleton/public/index.php')
CRITICAL - 2024-01-02 18:10:13 --> include(../Footer.php): Failed to open stream: No such file or directory
in APPPATH/Views/gerenciador/dashboard/profile/index.php on line 3.
 1 APPPATH/Views/gerenciador/dashboard/profile/index.php(3): CodeIgniter\Debug\Exceptions->errorHandler(2, 'include(../Footer.php): Failed to open stream: No such file or directory', '/Users/rlferrazza/Documents/skeleton/app/Views/gerenciador/dashboard/profile/index.php', 3)
 2 APPPATH/Views/gerenciador/dashboard/profile/index.php(3): include()
 3 SYSTEMPATH/View/View.php(228): include('/Users/rlferrazza/Documents/skeleton/app/Views/gerenciador/dashboard/profile/index.php')
 4 SYSTEMPATH/View/View.php(231): CodeIgniter\View\View->CodeIgniter\View\{closure}()
 5 SYSTEMPATH/Common.php(1190): CodeIgniter\View\View->render('gerenciador/dashboard/profile/index', [], true)
 6 APPPATH/Controllers/Profile.php(9): view('gerenciador/dashboard/profile/index')
 7 SYSTEMPATH/CodeIgniter.php(942): App\Controllers\Profile->index()
 8 SYSTEMPATH/CodeIgniter.php(502): CodeIgniter\CodeIgniter->runController(Object(App\Controllers\Profile))
 9 SYSTEMPATH/CodeIgniter.php(361): CodeIgniter\CodeIgniter->handleRequest(null, Object(Config\Cache), false)
10 FCPATH/index.php(79): CodeIgniter\CodeIgniter->run()
11 SYSTEMPATH/Commands/Server/rewrite.php(47): require_once('/Users/rlferrazza/Documents/skeleton/public/index.php')
CRITICAL - 2024-01-02 18:11:02 --> include(/Users/rlferrazza/Documents/skeleton/app/views/gerenciador/dashboard/menu.php): Failed to open stream: No such file or directory
in APPPATH/Views/gerenciador/dashboard/profile/index.php on line 2.
 1 APPPATH/Views/gerenciador/dashboard/profile/index.php(2): CodeIgniter\Debug\Exceptions->errorHandler(2, 'include(/Users/rlferrazza/Documents/skeleton/app/views/gerenciador/dashboard/menu.php): Failed to open stream: No such file or directory', '/Users/rlferrazza/Documents/skeleton/app/Views/gerenciador/dashboard/profile/index.php', 2)
 2 APPPATH/Views/gerenciador/dashboard/profile/index.php(2): include()
 3 SYSTEMPATH/View/View.php(228): include('/Users/rlferrazza/Documents/skeleton/app/Views/gerenciador/dashboard/profile/index.php')
 4 SYSTEMPATH/View/View.php(231): CodeIgniter\View\View->CodeIgniter\View\{closure}()
 5 SYSTEMPATH/Common.php(1190): CodeIgniter\View\View->render('gerenciador/dashboard/profile/index', [], true)
 6 APPPATH/Controllers/Profile.php(9): view('gerenciador/dashboard/profile/index')
 7 SYSTEMPATH/CodeIgniter.php(942): App\Controllers\Profile->index()
 8 SYSTEMPATH/CodeIgniter.php(502): CodeIgniter\CodeIgniter->runController(Object(App\Controllers\Profile))
 9 SYSTEMPATH/CodeIgniter.php(361): CodeIgniter\CodeIgniter->handleRequest(null, Object(Config\Cache), false)
10 FCPATH/index.php(79): CodeIgniter\CodeIgniter->run()
11 SYSTEMPATH/Commands/Server/rewrite.php(47): require_once('/Users/rlferrazza/Documents/skeleton/public/index.php')
CRITICAL - 2024-01-02 18:43:28 --> Undefined variable $title
in APPPATH/Views/gerenciador/dashboard/profile/index.php on line 5.
 1 APPPATH/Views/gerenciador/dashboard/profile/index.php(5): CodeIgniter\Debug\Exceptions->errorHandler(2, 'Undefined variable $title', '/Users/rlferrazza/Documents/skeleton/app/Views/gerenciador/dashboard/profile/index.php', 5)
 2 SYSTEMPATH/View/View.php(228): include('/Users/rlferrazza/Documents/skeleton/app/Views/gerenciador/dashboard/profile/index.php')
 3 SYSTEMPATH/View/View.php(231): CodeIgniter\View\View->CodeIgniter\View\{closure}()
 4 SYSTEMPATH/Common.php(1190): CodeIgniter\View\View->render('gerenciador/dashboard/profile/index', [], true)
 5 APPPATH/Controllers/Profile.php(9): view('gerenciador/dashboard/profile/index')
 6 SYSTEMPATH/CodeIgniter.php(942): App\Controllers\Profile->index()
 7 SYSTEMPATH/CodeIgniter.php(502): CodeIgniter\CodeIgniter->runController(Object(App\Controllers\Profile))
 8 SYSTEMPATH/CodeIgniter.php(361): CodeIgniter\CodeIgniter->handleRequest(null, Object(Config\Cache), false)
 9 FCPATH/index.php(79): CodeIgniter\CodeIgniter->run()
10 SYSTEMPATH/Commands/Server/rewrite.php(47): require_once('/Users/rlferrazza/Documents/skeleton/public/index.php')
CRITICAL - 2024-01-02 18:44:02 --> Undefined variable $title
in APPPATH/Views/gerenciador/dashboard/profile/index.php on line 5.
 1 APPPATH/Views/gerenciador/dashboard/profile/index.php(5): CodeIgniter\Debug\Exceptions->errorHandler(2, 'Undefined variable $title', '/Users/rlferrazza/Documents/skeleton/app/Views/gerenciador/dashboard/profile/index.php', 5)
 2 SYSTEMPATH/View/View.php(228): include('/Users/rlferrazza/Documents/skeleton/app/Views/gerenciador/dashboard/profile/index.php')
 3 SYSTEMPATH/View/View.php(231): CodeIgniter\View\View->CodeIgniter\View\{closure}()
 4 SYSTEMPATH/Common.php(1190): CodeIgniter\View\View->render('gerenciador/dashboard/profile/index', [], true)
 5 APPPATH/Controllers/Profile.php(9): view('gerenciador/dashboard/profile/index')
 6 SYSTEMPATH/CodeIgniter.php(942): App\Controllers\Profile->index()
 7 SYSTEMPATH/CodeIgniter.php(502): CodeIgniter\CodeIgniter->runController(Object(App\Controllers\Profile))
 8 SYSTEMPATH/CodeIgniter.php(361): CodeIgniter\CodeIgniter->handleRequest(null, Object(Config\Cache), false)
 9 FCPATH/index.php(79): CodeIgniter\CodeIgniter->run()
10 SYSTEMPATH/Commands/Server/rewrite.php(47): require_once('/Users/rlferrazza/Documents/skeleton/public/index.php')
